app/build/intermediates/manifest_merge_blame_file/debug/processDebugMainManifest/manifest-merger-blame-debug-report.txt
1<?xml version="1.0" encoding="utf-8"?>
2<manifest xmlns:android="http://schemas.android.com/apk/res/android"
3    package="com.debridmusic.app"
4    android:versionCode="999"
5    android:versionName="1.0.0" >
6
7    <uses-sdk
8        android:minSdkVersion="26"
9        android:targetSdkVersion="35" />
10
11    <!-- Storage (legacy) -->
12    <uses-permission
12-->src\main\AndroidManifest.xml:5:5-6:38
13        android:name="android.permission.READ_EXTERNAL_STORAGE"
13-->src\main\AndroidManifest.xml:5:22-77
14        android:maxSdkVersion="32" />
14-->src\main\AndroidManifest.xml:6:9-35
15    <!-- Storage (Android 13+) -->
16    <uses-permission android:name="android.permission.READ_MEDIA_AUDIO" />
16-->src\main\AndroidManifest.xml:8:5-75
16-->src\main\AndroidManifest.xml:8:22-72
17    <!-- Network -->
18    <uses-permission android:name="android.permission.INTERNET" />
18-->src\main\AndroidManifest.xml:10:5-67
18-->src\main\AndroidManifest.xml:10:22-64
19    <uses-permission android:name="android.permission.FOREGROUND_SERVICE" />
19-->src\main\AndroidManifest.xml:11:5-77
19-->src\main\AndroidManifest.xml:11:22-74
20    <uses-permission android:name="android.permission.FOREGROUND_SERVICE_MEDIA_PLAYBACK" />
20-->src\main\AndroidManifest.xml:12:5-92
20-->src\main\AndroidManifest.xml:12:22-89
21    <uses-permission android:name="android.permission.WAKE_LOCK" />
21-->src\main\AndroidManifest.xml:13:5-68
21-->src\main\AndroidManifest.xml:13:22-65
22    <uses-permission android:name="android.permission.RECEIVE_BOOT_COMPLETED" />
22-->src\main\AndroidManifest.xml:14:5-81
22-->src\main\AndroidManifest.xml:14:22-78
23    <!-- In-app updater: download and install a newer APK from GitHub Releases -->
24    <uses-permission android:name="android.permission.REQUEST_INSTALL_PACKAGES" />
24-->src\main\AndroidManifest.xml:16:5-83
24-->src\main\AndroidManifest.xml:16:22-80
25
26    <!-- Write for download -->
27    <uses-permission
27-->src\main\AndroidManifest.xml:19:5-20:38
28        android:name="android.permission.WRITE_EXTERNAL_STORAGE"
28-->src\main\AndroidManifest.xml:19:22-78
29        android:maxSdkVersion="28" />
29-->src\main\AndroidManifest.xml:20:9-35
30
31    <!-- TV declarations -->
32    <uses-feature
32-->src\main\AndroidManifest.xml:23:5-25:36
33        android:name="android.software.leanback"
33-->src\main\AndroidManifest.xml:24:9-49
34        android:required="false" />
34-->src\main\AndroidManifest.xml:25:9-33
35    <uses-feature
35-->src\main\AndroidManifest.xml:26:5-28:36
36        android:name="android.hardware.touchscreen"
36-->src\main\AndroidManifest.xml:27:9-52
37        android:required="false" />
37-->src\main\AndroidManifest.xml:28:9-33
38
39    <uses-permission android:name="android.permission.ACCESS_NETWORK_STATE" />
39-->[androidx.media3:media3-common:1.4.0] AndroidManifest.xml:22:5-79
39-->[androidx.media3:media3-common:1.4.0] AndroidManifest.xml:22:22-76
40
41    <permission
41-->[androidx.core:core:1.16.0] AndroidManifest.xml:22:5-24:47
42        android:name="com.debridmusic.app.DYNAMIC_RECEIVER_NOT_EXPORTED_PERMISSION"
42-->[androidx.core:core:1.16.0] AndroidManifest.xml:23:9-81
43        android:protectionLevel="signature" />
43-->[androidx.core:core:1.16.0] AndroidManifest.xml:24:9-44
44
45    <uses-permission android:name="com.debridmusic.app.DYNAMIC_RECEIVER_NOT_EXPORTED_PERMISSION" />
45-->[androidx.core:core:1.16.0] AndroidManifest.xml:26:5-97
45-->[androidx.core:core:1.16.0] AndroidManifest.xml:26:22-94
46
47    <application
47-->src\main\AndroidManifest.xml:30:5-86:19
48        android:name="com.debridmusic.app.DebridMusicApp"
48-->src\main\AndroidManifest.xml:31:9-39
49        android:allowBackup="true"
49-->src\main\AndroidManifest.xml:32:9-35
50        android:appComponentFactory="androidx.core.app.CoreComponentFactory"
50-->[androidx.core:core:1.16.0] AndroidManifest.xml:28:18-86
51        android:banner="@drawable/ic_launcher_foreground"
51-->src\main\AndroidManifest.xml:33:9-58
52        android:debuggable="true"
53        android:extractNativeLibs="false"
54        android:hardwareAccelerated="true"
54-->src\main\AndroidManifest.xml:34:9-43
55        android:icon="@mipmap/ic_launcher"
55-->src\main\AndroidManifest.xml:35:9-43
56        android:label="@string/app_name"
56-->src\main\AndroidManifest.xml:36:9-41
57        android:largeHeap="true"
57-->src\main\AndroidManifest.xml:40:9-33
58        android:roundIcon="@mipmap/ic_launcher_round"
58-->src\main\AndroidManifest.xml:37:9-54
59        android:supportsRtl="true"
59-->src\main\AndroidManifest.xml:38:9-35
60        android:theme="@style/Theme.DebridMusic" >
60-->src\main\AndroidManifest.xml:39:9-49
61
62        <!-- Phone / Tablet activity -->
63        <activity
63-->src\main\AndroidManifest.xml:43:9-51:20
64            android:name="com.debridmusic.app.MainActivity"
64-->src\main\AndroidManifest.xml:44:13-41
65            android:exported="true"
65-->src\main\AndroidManifest.xml:45:13-36
66            android:windowSoftInputMode="adjustResize" >
66-->src\main\AndroidManifest.xml:46:13-55
67            <intent-filter>
67-->src\main\AndroidManifest.xml:47:13-50:29
68                <action android:name="android.intent.action.MAIN" />
68-->src\main\AndroidManifest.xml:48:17-69
68-->src\main\AndroidManifest.xml:48:25-66
69
70                <category android:name="android.intent.category.LAUNCHER" />
70-->src\main\AndroidManifest.xml:49:17-77
70-->src\main\AndroidManifest.xml:49:27-74
71            </intent-filter>
72        </activity>
73
74        <!-- Android TV activity -->
75        <activity
75-->src\main\AndroidManifest.xml:54:9-63:20
76            android:name="com.debridmusic.app.ui.tv.TvMainActivity"
76-->src\main\AndroidManifest.xml:55:13-49
77            android:configChanges="keyboard|keyboardHidden|navigation"
77-->src\main\AndroidManifest.xml:57:13-71
78            android:exported="true"
78-->src\main\AndroidManifest.xml:56:13-36
79            android:theme="@style/Theme.DebridMusic" >
79-->src\main\AndroidManifest.xml:58:13-53
80            <intent-filter>
80-->src\main\AndroidManifest.xml:59:13-62:29
81                <action android:name="android.intent.action.MAIN" />
81-->src\main\AndroidManifest.xml:48:17-69
81-->src\main\AndroidManifest.xml:48:25-66
82
83                <category android:name="android.intent.category.LEANBACK_LAUNCHER" />
83-->src\main\AndroidManifest.xml:61:17-86
83-->src\main\AndroidManifest.xml:61:27-83
84            </intent-filter>
85        </activity>
86
87        <!-- FileProvider — shares the downloaded update APK with the package installer -->
88        <provider
89            android:name="androidx.core.content.FileProvider"
89-->src\main\AndroidManifest.xml:67:13-62
90            android:authorities="com.debridmusic.app.fileprovider"
90-->src\main\AndroidManifest.xml:68:13-64
91            android:exported="false"
91-->src\main\AndroidManifest.xml:69:13-37
92            android:grantUriPermissions="true" >
92-->src\main\AndroidManifest.xml:70:13-47
93            <meta-data
93-->src\main\AndroidManifest.xml:71:13-73:63
94                android:name="android.support.FILE_PROVIDER_PATHS"
94-->src\main\AndroidManifest.xml:72:17-67
95                android:resource="@xml/file_provider_paths" />
95-->src\main\AndroidManifest.xml:73:17-60
96        </provider>
97
98        <!-- Media playback service -->
99        <service
99-->src\main\AndroidManifest.xml:77:9-84:19
100            android:name="com.debridmusic.app.player.MusicPlayerService"
100-->src\main\AndroidManifest.xml:78:13-54
101            android:exported="true"
101-->src\main\AndroidManifest.xml:79:13-36
102            android:foregroundServiceType="mediaPlayback" >
102-->src\main\AndroidManifest.xml:80:13-58
103            <intent-filter>
103-->src\main\AndroidManifest.xml:81:13-83:29
104                <action android:name="androidx.media3.session.MediaSessionService" />
104-->src\main\AndroidManifest.xml:82:17-86
104-->src\main\AndroidManifest.xml:82:25-83
105            </intent-filter>
106        </service>
107
108        <activity
108-->[androidx.compose.ui:ui-tooling-android:1.10.3] AndroidManifest.xml:23:9-25:39
109            android:name="androidx.compose.ui.tooling.PreviewActivity"
109-->[androidx.compose.ui:ui-tooling-android:1.10.3] AndroidManifest.xml:24:13-71
110            android:exported="true" />
110-->[androidx.compose.ui:ui-tooling-android:1.10.3] AndroidManifest.xml:25:13-36
111
112        <provider
112-->[androidx.emoji2:emoji2:1.4.0] AndroidManifest.xml:24:9-32:20
113            android:name="androidx.startup.InitializationProvider"
113-->[androidx.emoji2:emoji2:1.4.0] AndroidManifest.xml:25:13-67
114            android:authorities="com.debridmusic.app.androidx-startup"
114-->[androidx.emoji2:emoji2:1.4.0] AndroidManifest.xml:26:13-68
115            android:exported="false" >
115-->[androidx.emoji2:emoji2:1.4.0] AndroidManifest.xml:27:13-37
116            <meta-data
116-->[androidx.emoji2:emoji2:1.4.0] AndroidManifest.xml:29:13-31:52
117                android:name="androidx.emoji2.text.EmojiCompatInitializer"
117-->[androidx.emoji2:emoji2:1.4.0] AndroidManifest.xml:30:17-75
118                android:value="androidx.startup" />
118-->[androidx.emoji2:emoji2:1.4.0] AndroidManifest.xml:31:17-49
119            <meta-data
119-->[androidx.lifecycle:lifecycle-process:2.9.4] AndroidManifest.xml:29:13-31:52
120                android:name="androidx.lifecycle.ProcessLifecycleInitializer"
120-->[androidx.lifecycle:lifecycle-process:2.9.4] AndroidManifest.xml:30:17-78
121                android:value="androidx.startup" />
121-->[androidx.lifecycle:lifecycle-process:2.9.4] AndroidManifest.xml:31:17-49
122            <meta-data
122-->[androidx.profileinstaller:profileinstaller:1.4.1] AndroidManifest.xml:29:13-31:52
123                android:name="androidx.profileinstaller.ProfileInstallerInitializer"
123-->[androidx.profileinstaller:profileinstaller:1.4.1] AndroidManifest.xml:30:17-85
124                android:value="androidx.startup" />
124-->[androidx.profileinstaller:profileinstaller:1.4.1] AndroidManifest.xml:31:17-49
125        </provider>
126
127        <uses-library
127-->[androidx.window:window:1.5.0] AndroidManifest.xml:23:9-25:40
128            android:name="androidx.window.extensions"
128-->[androidx.window:window:1.5.0] AndroidManifest.xml:24:13-54
129            android:required="false" />
129-->[androidx.window:window:1.5.0] AndroidManifest.xml:25:13-37
130        <uses-library
130-->[androidx.window:window:1.5.0] AndroidManifest.xml:26:9-28:40
131            android:name="androidx.window.sidecar"
131-->[androidx.window:window:1.5.0] AndroidManifest.xml:27:13-51
132            android:required="false" />
132-->[androidx.window:window:1.5.0] AndroidManifest.xml:28:13-37
133
134        <service
134-->[androidx.room:room-runtime:2.6.1] AndroidManifest.xml:24:9-28:63
135            android:name="androidx.room.MultiInstanceInvalidationService"
135-->[androidx.room:room-runtime:2.6.1] AndroidManifest.xml:25:13-74
136            android:directBootAware="true"
136-->[androidx.room:room-runtime:2.6.1] AndroidManifest.xml:26:13-43
137            android:exported="false" />
137-->[androidx.room:room-runtime:2.6.1] AndroidManifest.xml:27:13-37
138
139        <receiver
139-->[androidx.profileinstaller:profileinstaller:1.4.1] AndroidManifest.xml:34:9-52:20
140            android:name="androidx.profileinstaller.ProfileInstallReceiver"
140-->[androidx.profileinstaller:profileinstaller:1.4.1] AndroidManifest.xml:35:13-76
141            android:directBootAware="false"
141-->[androidx.profileinstaller:profileinstaller:1.4.1] AndroidManifest.xml:36:13-44
142            android:enabled="true"
142-->[androidx.profileinstaller:profileinstaller:1.4.1] AndroidManifest.xml:37:13-35
143            android:exported="true"
143-->[androidx.profileinstaller:profileinstaller:1.4.1] AndroidManifest.xml:38:13-36
144            android:permission="android.permission.DUMP" >
144-->[androidx.profileinstaller:profileinstaller:1.4.1] AndroidManifest.xml:39:13-57
145            <intent-filter>
145-->[androidx.profileinstaller:profileinstaller:1.4.1] AndroidManifest.xml:40:13-42:29
146                <action android:name="androidx.profileinstaller.action.INSTALL_PROFILE" />
146-->[androidx.profileinstaller:profileinstaller:1.4.1] AndroidManifest.xml:41:17-91
146-->[androidx.profileinstaller:profileinstaller:1.4.1] AndroidManifest.xml:41:25-88
147            </intent-filter>
148            <intent-filter>
148-->[androidx.profileinstaller:profileinstaller:1.4.1] AndroidManifest.xml:43:13-45:29
149                <action android:name="androidx.profileinstaller.action.SKIP_FILE" />
149-->[androidx.profileinstaller:profileinstaller:1.4.1] AndroidManifest.xml:44:17-85
149-->[androidx.profileinstaller:profileinstaller:1.4.1] AndroidManifest.xml:44:25-82
150            </intent-filter>
151            <intent-filter>
151-->[androidx.profileinstaller:profileinstaller:1.4.1] AndroidManifest.xml:46:13-48:29
152                <action android:name="androidx.profileinstaller.action.SAVE_PROFILE" />
152-->[androidx.profileinstaller:profileinstaller:1.4.1] AndroidManifest.xml:47:17-88
152-->[androidx.profileinstaller:profileinstaller:1.4.1] AndroidManifest.xml:47:25-85
153            </intent-filter>
154            <intent-filter>
154-->[androidx.profileinstaller:profileinstaller:1.4.1] AndroidManifest.xml:49:13-51:29
155                <action android:name="androidx.profileinstaller.action.BENCHMARK_OPERATION" />
155-->[androidx.profileinstaller:profileinstaller:1.4.1] AndroidManifest.xml:50:17-95
155-->[androidx.profileinstaller:profileinstaller:1.4.1] AndroidManifest.xml:50:25-92
156            </intent-filter>
157        </receiver>
158    </application>
159
160</manifest>